<?xml version="1.0" encoding="UTF-8"?>
<!-- Generated by org.testng.reporters.JUnitXMLReporter -->
<testsuite hostname="DESKTOP-K8JQV01" ignored="0" name="Test01" tests="9" failures="4" timestamp="2022-03-02T22:20:28 IST" time="1.238" errors="0">
  <testcase name="TC07" time="0.022" classname="fbsxbv.C">
    <failure type="java.lang.AssertionError" message="expected:&amp;lt;10&amp;gt; but was:&amp;lt;20&amp;gt;">
      <![CDATA[java.lang.AssertionError: expected:<10> but was:<20>
at fbsxbv.C.TC07(C.java:14)
at java.util.ArrayList.forEach(Unknown Source)
... Removed 32 stack frames]]>
    </failure>
  </testcase> <!-- TC07 -->
  <testcase name="TC08" time="0.014" classname="fbsxbv.C"/>
  <testcase name="TC04" time="0.003" classname="fbsxbv.B"/>
  <testcase name="TC05" time="1.021" classname="fbsxbv.B">
    <failure type="org.testng.internal.thread.ThreadTimeoutException" message="Method fbsxbv.B.TC05() didn&amp;apos;t finish within the time-out 1000">
      <![CDATA[org.testng.internal.thread.ThreadTimeoutException: Method fbsxbv.B.TC05() didn't finish within the time-out 1000
at java.util.ArrayList.forEach(Unknown Source)
... Removed 24 stack frames]]>
    </failure>
  </testcase> <!-- TC05 -->
  <testcase name="TC06" time="0.005" classname="fbsxbv.B"/>
  <testcase name="TC02" time="0.005" classname="fbsxbv.A"/>
  <testcase name="TC01" time="0.005" classname="fbsxbv.A"/>
  <testcase name="TC03" time="0.005" classname="fbsxbv.A">
    <failure type="java.lang.AssertionError" message="expected [null] but found [Hello]">
      <![CDATA[java.lang.AssertionError: expected [null] but found [Hello]
at fbsxbv.A.TC03(A.java:24)
at java.util.ArrayList.forEach(Unknown Source)
... Removed 31 stack frames]]>
    </failure>
  </testcase> <!-- TC03 -->
  <testcase name="TC03" time="0.007" classname="fbsxbv.A">
    <failure type="java.lang.AssertionError" message="expected [null] but found [Hello]">
      <![CDATA[java.lang.AssertionError: expected [null] but found [Hello]
at fbsxbv.A.TC03(A.java:24)
at java.util.ArrayList.forEach(Unknown Source)
... Removed 31 stack frames]]>
    </failure>
  </testcase> <!-- TC03 -->
</testsuite> <!-- Test01 -->
